android/app/build/intermediates/manifest_merge_blame_file/debug/processDebugMainManifest/manifest-merger-blame-debug-report.txt
1<?xml version="1.0" encoding="utf-8"?>
2<manifest xmlns:android="http://schemas.android.com/apk/res/android"
3    package="com.example.mama_care"
4    android:versionCode="1"
5    android:versionName="1.0" >
6
7    <uses-sdk
8        android:minSdkVersion="23"
9        android:targetSdkVersion="35" />
10    <!--
11         The INTERNET permission is required for development. Specifically,
12         the Flutter tool needs it to communicate with the running application
13         to allow setting breakpoints, to provide hot reload, etc.
14    -->
15    <uses-permission android:name="android.permission.INTERNET" />
15-->src/debug/AndroidManifest.xml:6:5-66
15-->src/debug/AndroidManifest.xml:6:22-64
16    <!--
17     Required to query activities that can process text, see:
18         https://developer.android.com/training/package-visibility and
19         https://developer.android.com/reference/android/content/Intent#ACTION_PROCESS_TEXT.
20
21         In particular, this is used by the Flutter engine in io.flutter.plugin.text.ProcessTextPlugin.
22    -->
23    <queries>
23-->src/main/AndroidManifest.xml:39:5-44:15
24        <intent>
24-->src/main/AndroidManifest.xml:40:9-43:18
25            <action android:name="android.intent.action.PROCESS_TEXT" />
25-->src/main/AndroidManifest.xml:41:13-72
25-->src/main/AndroidManifest.xml:41:21-70
26
27            <data android:mimeType="text/plain" />
27-->src/main/AndroidManifest.xml:42:13-50
27-->src/main/AndroidManifest.xml:42:19-48
28        </intent>
29        <!-- Needs to be explicitly declared on Android R+ -->
30        <package android:name="com.google.android.apps.maps" />
30-->[com.google.android.gms:play-services-maps:18.2.0] AndroidManifest.xml:33:9-64
30-->[com.google.android.gms:play-services-maps:18.2.0] AndroidManifest.xml:33:18-61
31    </queries>
32
33    <uses-permission android:name="android.permission.ACCESS_NETWORK_STATE" />
33-->[com.google.firebase:firebase-auth:23.2.0] AndroidManifest.xml:26:5-79
33-->[com.google.firebase:firebase-auth:23.2.0] AndroidManifest.xml:26:22-76
34
35    <uses-feature
35-->[com.google.android.gms:play-services-maps:18.2.0] AndroidManifest.xml:26:5-28:35
36        android:glEsVersion="0x00020000"
36-->[com.google.android.gms:play-services-maps:18.2.0] AndroidManifest.xml:27:9-41
37        android:required="true" />
37-->[com.google.android.gms:play-services-maps:18.2.0] AndroidManifest.xml:28:9-32
38
39    <uses-permission android:name="com.google.android.providers.gsf.permission.READ_GSERVICES" />
39-->[com.google.android.recaptcha:recaptcha:18.6.1] AndroidManifest.xml:9:5-98
39-->[com.google.android.recaptcha:recaptcha:18.6.1] AndroidManifest.xml:9:22-95
40    <uses-permission android:name="android.permission.WAKE_LOCK" />
40-->[androidx.work:work-runtime:2.7.1] AndroidManifest.xml:25:5-68
40-->[androidx.work:work-runtime:2.7.1] AndroidManifest.xml:25:22-65
41    <uses-permission android:name="android.permission.RECEIVE_BOOT_COMPLETED" />
41-->[androidx.work:work-runtime:2.7.1] AndroidManifest.xml:27:5-81
41-->[androidx.work:work-runtime:2.7.1] AndroidManifest.xml:27:22-78
42    <uses-permission android:name="android.permission.FOREGROUND_SERVICE" />
42-->[androidx.work:work-runtime:2.7.1] AndroidManifest.xml:28:5-77
42-->[androidx.work:work-runtime:2.7.1] AndroidManifest.xml:28:22-74
43
44    <permission
44-->[androidx.core:core:1.13.1] AndroidManifest.xml:22:5-24:47
45        android:name="com.example.mama_care.DYNAMIC_RECEIVER_NOT_EXPORTED_PERMISSION"
45-->[androidx.core:core:1.13.1] AndroidManifest.xml:23:9-81
46        android:protectionLevel="signature" />
46-->[androidx.core:core:1.13.1] AndroidManifest.xml:24:9-44
47
48    <uses-permission android:name="com.example.mama_care.DYNAMIC_RECEIVER_NOT_EXPORTED_PERMISSION" />
48-->[androidx.core:core:1.13.1] AndroidManifest.xml:26:5-97
48-->[androidx.core:core:1.13.1] AndroidManifest.xml:26:22-94
49
50    <application
51        android:name="android.app.Application"
52        android:appComponentFactory="androidx.core.app.CoreComponentFactory"
52-->[androidx.core:core:1.13.1] AndroidManifest.xml:28:18-86
53        android:debuggable="true"
54        android:extractNativeLibs="false"
55        android:icon="@mipmap/ic_launcher"
56        android:label="mama_care" >
57        <activity
58            android:name="com.example.mama_care.MainActivity"
59            android:configChanges="orientation|keyboardHidden|keyboard|screenSize|smallestScreenSize|locale|layoutDirection|fontScale|screenLayout|density|uiMode"
60            android:exported="true"
61            android:hardwareAccelerated="true"
62            android:launchMode="singleTop"
63            android:taskAffinity=""
64            android:theme="@style/LaunchTheme"
65            android:windowSoftInputMode="adjustResize" >
66
67            <!--
68                 Specifies an Android theme to apply to this Activity as soon as
69                 the Android process has started. This theme is visible to the user
70                 while the Flutter UI initializes. After that, this theme continues
71                 to determine the Window background behind the Flutter UI.
72            -->
73            <meta-data
74                android:name="io.flutter.embedding.android.NormalTheme"
75                android:resource="@style/NormalTheme" />
76
77            <intent-filter>
78                <action android:name="android.intent.action.MAIN" />
79
80                <category android:name="android.intent.category.LAUNCHER" />
81            </intent-filter>
82        </activity>
83        <!--
84             Don't delete the meta-data below.
85             This is used by the Flutter tool to generate GeneratedPluginRegistrant.java
86        -->
87        <meta-data
88            android:name="flutterEmbedding"
89            android:value="2" />
90
91        <service
91-->[:geolocator_android] AndroidManifest.xml:8:9-12:56
92            android:name="com.baseflow.geolocator.GeolocatorLocationService"
92-->[:geolocator_android] AndroidManifest.xml:9:13-77
93            android:enabled="true"
93-->[:geolocator_android] AndroidManifest.xml:10:13-35
94            android:exported="false"
94-->[:geolocator_android] AndroidManifest.xml:11:13-37
95            android:foregroundServiceType="location" />
95-->[:geolocator_android] AndroidManifest.xml:12:13-53
96        <service
96-->[:cloud_firestore] AndroidManifest.xml:8:9-12:19
97            android:name="com.google.firebase.components.ComponentDiscoveryService"
97-->[:cloud_firestore] AndroidManifest.xml:8:18-89
98            android:directBootAware="true"
98-->[com.google.firebase:firebase-common:21.0.0] AndroidManifest.xml:32:13-43
99            android:exported="false" >
99-->[com.google.firebase:firebase-auth:23.2.0] AndroidManifest.xml:68:13-37
100            <meta-data
100-->[:cloud_firestore] AndroidManifest.xml:9:13-11:85
101                android:name="com.google.firebase.components:io.flutter.plugins.firebase.firestore.FlutterFirebaseFirestoreRegistrar"
101-->[:cloud_firestore] AndroidManifest.xml:10:17-134
102                android:value="com.google.firebase.components.ComponentRegistrar" />
102-->[:cloud_firestore] AndroidManifest.xml:11:17-82
103            <meta-data
103-->[:firebase_auth] AndroidManifest.xml:9:13-11:85
104                android:name="com.google.firebase.components:io.flutter.plugins.firebase.auth.FlutterFirebaseAuthRegistrar"
104-->[:firebase_auth] AndroidManifest.xml:10:17-124
105                android:value="com.google.firebase.components.ComponentRegistrar" />
105-->[:firebase_auth] AndroidManifest.xml:11:17-82
106            <meta-data
106-->[:firebase_core] AndroidManifest.xml:9:13-11:85
107                android:name="com.google.firebase.components:io.flutter.plugins.firebase.core.FlutterFirebaseCoreRegistrar"
107-->[:firebase_core] AndroidManifest.xml:10:17-124
108                android:value="com.google.firebase.components.ComponentRegistrar" />
108-->[:firebase_core] AndroidManifest.xml:11:17-82
109            <meta-data
109-->[com.google.firebase:firebase-auth:23.2.0] AndroidManifest.xml:69:13-71:85
110                android:name="com.google.firebase.components:com.google.firebase.auth.FirebaseAuthRegistrar"
110-->[com.google.firebase:firebase-auth:23.2.0] AndroidManifest.xml:70:17-109
111                android:value="com.google.firebase.components.ComponentRegistrar" />
111-->[com.google.firebase:firebase-auth:23.2.0] AndroidManifest.xml:71:17-82
112            <meta-data
112-->[com.google.firebase:firebase-firestore:25.1.2] AndroidManifest.xml:17:13-19:85
113                android:name="com.google.firebase.components:com.google.firebase.firestore.FirebaseFirestoreKtxRegistrar"
113-->[com.google.firebase:firebase-firestore:25.1.2] AndroidManifest.xml:18:17-122
114                android:value="com.google.firebase.components.ComponentRegistrar" />
114-->[com.google.firebase:firebase-firestore:25.1.2] AndroidManifest.xml:19:17-82
115            <meta-data
115-->[com.google.firebase:firebase-firestore:25.1.2] AndroidManifest.xml:20:13-22:85
116                android:name="com.google.firebase.components:com.google.firebase.firestore.FirestoreRegistrar"
116-->[com.google.firebase:firebase-firestore:25.1.2] AndroidManifest.xml:21:17-111
117                android:value="com.google.firebase.components.ComponentRegistrar" />
117-->[com.google.firebase:firebase-firestore:25.1.2] AndroidManifest.xml:22:17-82
118            <meta-data
118-->[com.google.firebase:firebase-common-ktx:21.0.0] AndroidManifest.xml:12:13-14:85
119                android:name="com.google.firebase.components:com.google.firebase.ktx.FirebaseCommonLegacyRegistrar"
119-->[com.google.firebase:firebase-common-ktx:21.0.0] AndroidManifest.xml:13:17-116
120                android:value="com.google.firebase.components.ComponentRegistrar" />
120-->[com.google.firebase:firebase-common-ktx:21.0.0] AndroidManifest.xml:14:17-82
121            <meta-data
121-->[com.google.firebase:firebase-common:21.0.0] AndroidManifest.xml:35:13-37:85
122                android:name="com.google.firebase.components:com.google.firebase.FirebaseCommonKtxRegistrar"
122-->[com.google.firebase:firebase-common:21.0.0] AndroidManifest.xml:36:17-109
123                android:value="com.google.firebase.components.ComponentRegistrar" />
123-->[com.google.firebase:firebase-common:21.0.0] AndroidManifest.xml:37:17-82
124        </service>
125
126        <activity
126-->[:url_launcher_android] AndroidManifest.xml:8:9-11:74
127            android:name="io.flutter.plugins.urllauncher.WebViewActivity"
127-->[:url_launcher_android] AndroidManifest.xml:9:13-74
128            android:exported="false"
128-->[:url_launcher_android] AndroidManifest.xml:10:13-37
129            android:theme="@android:style/Theme.NoTitleBar.Fullscreen" />
129-->[:url_launcher_android] AndroidManifest.xml:11:13-71
130        <activity
130-->[com.google.firebase:firebase-auth:23.2.0] AndroidManifest.xml:29:9-46:20
131            android:name="com.google.firebase.auth.internal.GenericIdpActivity"
131-->[com.google.firebase:firebase-auth:23.2.0] AndroidManifest.xml:30:13-80
132            android:excludeFromRecents="true"
132-->[com.google.firebase:firebase-auth:23.2.0] AndroidManifest.xml:31:13-46
133            android:exported="true"
133-->[com.google.firebase:firebase-auth:23.2.0] AndroidManifest.xml:32:13-36
134            android:launchMode="singleTask"
134-->[com.google.firebase:firebase-auth:23.2.0] AndroidManifest.xml:33:13-44
135            android:theme="@android:style/Theme.Translucent.NoTitleBar" >
135-->[com.google.firebase:firebase-auth:23.2.0] AndroidManifest.xml:34:13-72
136            <intent-filter>
136-->[com.google.firebase:firebase-auth:23.2.0] AndroidManifest.xml:35:13-45:29
137                <action android:name="android.intent.action.VIEW" />
137-->[com.google.firebase:firebase-auth:23.2.0] AndroidManifest.xml:36:17-69
137-->[com.google.firebase:firebase-auth:23.2.0] AndroidManifest.xml:36:25-66
138
139                <category android:name="android.intent.category.DEFAULT" />
139-->[com.google.firebase:firebase-auth:23.2.0] AndroidManifest.xml:38:17-76
139-->[com.google.firebase:firebase-auth:23.2.0] AndroidManifest.xml:38:27-73
140                <category android:name="android.intent.category.BROWSABLE" />
140-->[com.google.firebase:firebase-auth:23.2.0] AndroidManifest.xml:39:17-78
140-->[com.google.firebase:firebase-auth:23.2.0] AndroidManifest.xml:39:27-75
141
142                <data
142-->src/main/AndroidManifest.xml:42:13-50
143                    android:host="firebase.auth"
144                    android:path="/"
145                    android:scheme="genericidp" />
146            </intent-filter>
147        </activity>
148        <activity
148-->[com.google.firebase:firebase-auth:23.2.0] AndroidManifest.xml:47:9-64:20
149            android:name="com.google.firebase.auth.internal.RecaptchaActivity"
149-->[com.google.firebase:firebase-auth:23.2.0] AndroidManifest.xml:48:13-79
150            android:excludeFromRecents="true"
150-->[com.google.firebase:firebase-auth:23.2.0] AndroidManifest.xml:49:13-46
151            android:exported="true"
151-->[com.google.firebase:firebase-auth:23.2.0] AndroidManifest.xml:50:13-36
152            android:launchMode="singleTask"
152-->[com.google.firebase:firebase-auth:23.2.0] AndroidManifest.xml:51:13-44
153            android:theme="@android:style/Theme.Translucent.NoTitleBar" >
153-->[com.google.firebase:firebase-auth:23.2.0] AndroidManifest.xml:52:13-72
154            <intent-filter>
154-->[com.google.firebase:firebase-auth:23.2.0] AndroidManifest.xml:53:13-63:29
155                <action android:name="android.intent.action.VIEW" />
155-->[com.google.firebase:firebase-auth:23.2.0] AndroidManifest.xml:36:17-69
155-->[com.google.firebase:firebase-auth:23.2.0] AndroidManifest.xml:36:25-66
156
157                <category android:name="android.intent.category.DEFAULT" />
157-->[com.google.firebase:firebase-auth:23.2.0] AndroidManifest.xml:38:17-76
157-->[com.google.firebase:firebase-auth:23.2.0] AndroidManifest.xml:38:27-73
158                <category android:name="android.intent.category.BROWSABLE" />
158-->[com.google.firebase:firebase-auth:23.2.0] AndroidManifest.xml:39:17-78
158-->[com.google.firebase:firebase-auth:23.2.0] AndroidManifest.xml:39:27-75
159
160                <data
160-->src/main/AndroidManifest.xml:42:13-50
161                    android:host="firebase.auth"
162                    android:path="/"
163                    android:scheme="recaptcha" />
164            </intent-filter>
165        </activity>
166
167        <uses-library
167-->[androidx.window:window:1.2.0] AndroidManifest.xml:23:9-25:40
168            android:name="androidx.window.extensions"
168-->[androidx.window:window:1.2.0] AndroidManifest.xml:24:13-54
169            android:required="false" />
169-->[androidx.window:window:1.2.0] AndroidManifest.xml:25:13-37
170        <uses-library
170-->[androidx.window:window:1.2.0] AndroidManifest.xml:26:9-28:40
171            android:name="androidx.window.sidecar"
171-->[androidx.window:window:1.2.0] AndroidManifest.xml:27:13-51
172            android:required="false" /> <!-- Needs to be explicitly declared on P+ -->
172-->[androidx.window:window:1.2.0] AndroidManifest.xml:28:13-37
173        <uses-library
173-->[com.google.android.gms:play-services-maps:18.2.0] AndroidManifest.xml:39:9-41:40
174            android:name="org.apache.http.legacy"
174-->[com.google.android.gms:play-services-maps:18.2.0] AndroidManifest.xml:40:13-50
175            android:required="false" />
175-->[com.google.android.gms:play-services-maps:18.2.0] AndroidManifest.xml:41:13-37
176
177        <service
177-->[androidx.credentials:credentials-play-services-auth:1.2.0-rc01] AndroidManifest.xml:24:9-32:19
178            android:name="androidx.credentials.playservices.CredentialProviderMetadataHolder"
178-->[androidx.credentials:credentials-play-services-auth:1.2.0-rc01] AndroidManifest.xml:25:13-94
179            android:enabled="true"
179-->[androidx.credentials:credentials-play-services-auth:1.2.0-rc01] AndroidManifest.xml:26:13-35
180            android:exported="false" >
180-->[androidx.credentials:credentials-play-services-auth:1.2.0-rc01] AndroidManifest.xml:27:13-37
181            <meta-data
181-->[androidx.credentials:credentials-play-services-auth:1.2.0-rc01] AndroidManifest.xml:29:13-31:104
182                android:name="androidx.credentials.CREDENTIAL_PROVIDER_KEY"
182-->[androidx.credentials:credentials-play-services-auth:1.2.0-rc01] AndroidManifest.xml:30:17-76
183                android:value="androidx.credentials.playservices.CredentialProviderPlayServicesImpl" />
183-->[androidx.credentials:credentials-play-services-auth:1.2.0-rc01] AndroidManifest.xml:31:17-101
184        </service>
185
186        <activity
186-->[androidx.credentials:credentials-play-services-auth:1.2.0-rc01] AndroidManifest.xml:34:9-41:20
187            android:name="androidx.credentials.playservices.HiddenActivity"
187-->[androidx.credentials:credentials-play-services-auth:1.2.0-rc01] AndroidManifest.xml:35:13-76
188            android:configChanges="orientation|screenSize|screenLayout|keyboardHidden"
188-->[androidx.credentials:credentials-play-services-auth:1.2.0-rc01] AndroidManifest.xml:36:13-87
189            android:enabled="true"
189-->[androidx.credentials:credentials-play-services-auth:1.2.0-rc01] AndroidManifest.xml:37:13-35
190            android:exported="false"
190-->[androidx.credentials:credentials-play-services-auth:1.2.0-rc01] AndroidManifest.xml:38:13-37
191            android:fitsSystemWindows="true"
191-->[androidx.credentials:credentials-play-services-auth:1.2.0-rc01] AndroidManifest.xml:39:13-45
192            android:theme="@style/Theme.Hidden" >
192-->[androidx.credentials:credentials-play-services-auth:1.2.0-rc01] AndroidManifest.xml:40:13-48
193        </activity>
194        <activity
194-->[com.google.android.gms:play-services-auth:21.0.0] AndroidManifest.xml:23:9-27:75
195            android:name="com.google.android.gms.auth.api.signin.internal.SignInHubActivity"
195-->[com.google.android.gms:play-services-auth:21.0.0] AndroidManifest.xml:24:13-93
196            android:excludeFromRecents="true"
196-->[com.google.android.gms:play-services-auth:21.0.0] AndroidManifest.xml:25:13-46
197            android:exported="false"
197-->[com.google.android.gms:play-services-auth:21.0.0] AndroidManifest.xml:26:13-37
198            android:theme="@android:style/Theme.Translucent.NoTitleBar" />
198-->[com.google.android.gms:play-services-auth:21.0.0] AndroidManifest.xml:27:13-72
199        <!--
200            Service handling Google Sign-In user revocation. For apps that do not integrate with
201            Google Sign-In, this service will never be started.
202        -->
203        <service
203-->[com.google.android.gms:play-services-auth:21.0.0] AndroidManifest.xml:33:9-37:51
204            android:name="com.google.android.gms.auth.api.signin.RevocationBoundService"
204-->[com.google.android.gms:play-services-auth:21.0.0] AndroidManifest.xml:34:13-89
205            android:exported="true"
205-->[com.google.android.gms:play-services-auth:21.0.0] AndroidManifest.xml:35:13-36
206            android:permission="com.google.android.gms.auth.api.signin.permission.REVOCATION_NOTIFICATION"
206-->[com.google.android.gms:play-services-auth:21.0.0] AndroidManifest.xml:36:13-107
207            android:visibleToInstantApps="true" />
207-->[com.google.android.gms:play-services-auth:21.0.0] AndroidManifest.xml:37:13-48
208
209        <activity
209-->[com.google.android.gms:play-services-base:18.3.0] AndroidManifest.xml:20:9-22:45
210            android:name="com.google.android.gms.common.api.GoogleApiActivity"
210-->[com.google.android.gms:play-services-base:18.3.0] AndroidManifest.xml:20:19-85
211            android:exported="false"
211-->[com.google.android.gms:play-services-base:18.3.0] AndroidManifest.xml:22:19-43
212            android:theme="@android:style/Theme.Translucent.NoTitleBar" />
212-->[com.google.android.gms:play-services-base:18.3.0] AndroidManifest.xml:21:19-78
213
214        <provider
214-->[com.google.firebase:firebase-common:21.0.0] AndroidManifest.xml:23:9-28:39
215            android:name="com.google.firebase.provider.FirebaseInitProvider"
215-->[com.google.firebase:firebase-common:21.0.0] AndroidManifest.xml:24:13-77
216            android:authorities="com.example.mama_care.firebaseinitprovider"
216-->[com.google.firebase:firebase-common:21.0.0] AndroidManifest.xml:25:13-72
217            android:directBootAware="true"
217-->[com.google.firebase:firebase-common:21.0.0] AndroidManifest.xml:26:13-43
218            android:exported="false"
218-->[com.google.firebase:firebase-common:21.0.0] AndroidManifest.xml:27:13-37
219            android:initOrder="100" />
219-->[com.google.firebase:firebase-common:21.0.0] AndroidManifest.xml:28:13-36
220
221        <activity
221-->[androidx.glance:glance-appwidget:1.0.0] AndroidManifest.xml:23:9-27:40
222            android:name="androidx.glance.appwidget.action.ActionTrampolineActivity"
222-->[androidx.glance:glance-appwidget:1.0.0] AndroidManifest.xml:24:13-85
223            android:enabled="true"
223-->[androidx.glance:glance-appwidget:1.0.0] AndroidManifest.xml:25:13-35
224            android:excludeFromRecents="true"
224-->[androidx.glance:glance-appwidget:1.0.0] AndroidManifest.xml:26:13-46
225            android:exported="false" />
225-->[androidx.glance:glance-appwidget:1.0.0] AndroidManifest.xml:27:13-37
226        <activity
226-->[androidx.glance:glance-appwidget:1.0.0] AndroidManifest.xml:28:9-35:81
227            android:name="androidx.glance.appwidget.action.InvisibleActionTrampolineActivity"
227-->[androidx.glance:glance-appwidget:1.0.0] AndroidManifest.xml:29:13-94
228            android:enabled="true"
228-->[androidx.glance:glance-appwidget:1.0.0] AndroidManifest.xml:30:13-35
229            android:exported="false"
229-->[androidx.glance:glance-appwidget:1.0.0] AndroidManifest.xml:31:13-37
230            android:launchMode="singleInstance"
230-->[androidx.glance:glance-appwidget:1.0.0] AndroidManifest.xml:32:13-48
231            android:noHistory="true"
231-->[androidx.glance:glance-appwidget:1.0.0] AndroidManifest.xml:33:13-37
232            android:taskAffinity="androidx.glance.appwidget.ListAdapterCallbackTrampoline"
232-->[androidx.glance:glance-appwidget:1.0.0] AndroidManifest.xml:34:13-91
233            android:theme="@style/Widget.Glance.AppWidget.CallbackTrampoline" />
233-->[androidx.glance:glance-appwidget:1.0.0] AndroidManifest.xml:35:13-78
234
235        <receiver
235-->[androidx.glance:glance-appwidget:1.0.0] AndroidManifest.xml:37:9-40:40
236            android:name="androidx.glance.appwidget.action.ActionCallbackBroadcastReceiver"
236-->[androidx.glance:glance-appwidget:1.0.0] AndroidManifest.xml:38:13-92
237            android:enabled="true"
237-->[androidx.glance:glance-appwidget:1.0.0] AndroidManifest.xml:39:13-35
238            android:exported="false" />
238-->[androidx.glance:glance-appwidget:1.0.0] AndroidManifest.xml:40:13-37
239        <receiver
239-->[androidx.glance:glance-appwidget:1.0.0] AndroidManifest.xml:41:9-48:20
240            android:name="androidx.glance.appwidget.MyPackageReplacedReceiver"
240-->[androidx.glance:glance-appwidget:1.0.0] AndroidManifest.xml:42:13-79
241            android:enabled="true"
241-->[androidx.glance:glance-appwidget:1.0.0] AndroidManifest.xml:43:13-35
242            android:exported="false" >
242-->[androidx.glance:glance-appwidget:1.0.0] AndroidManifest.xml:44:13-37
243            <intent-filter>
243-->[androidx.glance:glance-appwidget:1.0.0] AndroidManifest.xml:45:13-47:29
244                <action android:name="android.intent.action.MY_PACKAGE_REPLACED" />
244-->[androidx.glance:glance-appwidget:1.0.0] AndroidManifest.xml:46:17-84
244-->[androidx.glance:glance-appwidget:1.0.0] AndroidManifest.xml:46:25-81
245            </intent-filter>
246        </receiver>
247
248        <service
248-->[androidx.glance:glance-appwidget:1.0.0] AndroidManifest.xml:50:9-53:72
249            android:name="androidx.glance.appwidget.GlanceRemoteViewsService"
249-->[androidx.glance:glance-appwidget:1.0.0] AndroidManifest.xml:51:13-78
250            android:exported="true"
250-->[androidx.glance:glance-appwidget:1.0.0] AndroidManifest.xml:52:13-36
251            android:permission="android.permission.BIND_REMOTEVIEWS" />
251-->[androidx.glance:glance-appwidget:1.0.0] AndroidManifest.xml:53:13-69
252
253        <provider
253-->[androidx.work:work-runtime:2.7.1] AndroidManifest.xml:31:9-39:20
254            android:name="androidx.startup.InitializationProvider"
254-->[androidx.work:work-runtime:2.7.1] AndroidManifest.xml:32:13-67
255            android:authorities="com.example.mama_care.androidx-startup"
255-->[androidx.work:work-runtime:2.7.1] AndroidManifest.xml:33:13-68
256            android:exported="false" >
256-->[androidx.work:work-runtime:2.7.1] AndroidManifest.xml:34:13-37
257            <meta-data
257-->[androidx.work:work-runtime:2.7.1] AndroidManifest.xml:36:13-38:52
258                android:name="androidx.work.WorkManagerInitializer"
258-->[androidx.work:work-runtime:2.7.1] AndroidManifest.xml:37:17-68
259                android:value="androidx.startup" />
259-->[androidx.work:work-runtime:2.7.1] AndroidManifest.xml:38:17-49
260            <meta-data
260-->[androidx.lifecycle:lifecycle-process:2.7.0] AndroidManifest.xml:29:13-31:52
261                android:name="androidx.lifecycle.ProcessLifecycleInitializer"
261-->[androidx.lifecycle:lifecycle-process:2.7.0] AndroidManifest.xml:30:17-78
262                android:value="androidx.startup" />
262-->[androidx.lifecycle:lifecycle-process:2.7.0] AndroidManifest.xml:31:17-49
263            <meta-data
263-->[androidx.profileinstaller:profileinstaller:1.3.1] AndroidManifest.xml:29:13-31:52
264                android:name="androidx.profileinstaller.ProfileInstallerInitializer"
264-->[androidx.profileinstaller:profileinstaller:1.3.1] AndroidManifest.xml:30:17-85
265                android:value="androidx.startup" />
265-->[androidx.profileinstaller:profileinstaller:1.3.1] AndroidManifest.xml:31:17-49
266        </provider>
267
268        <service
268-->[androidx.work:work-runtime:2.7.1] AndroidManifest.xml:41:9-46:35
269            android:name="androidx.work.impl.background.systemalarm.SystemAlarmService"
269-->[androidx.work:work-runtime:2.7.1] AndroidManifest.xml:42:13-88
270            android:directBootAware="false"
270-->[androidx.work:work-runtime:2.7.1] AndroidManifest.xml:43:13-44
271            android:enabled="@bool/enable_system_alarm_service_default"
271-->[androidx.work:work-runtime:2.7.1] AndroidManifest.xml:44:13-72
272            android:exported="false" />
272-->[androidx.work:work-runtime:2.7.1] AndroidManifest.xml:45:13-37
273        <service
273-->[androidx.work:work-runtime:2.7.1] AndroidManifest.xml:47:9-53:35
274            android:name="androidx.work.impl.background.systemjob.SystemJobService"
274-->[androidx.work:work-runtime:2.7.1] AndroidManifest.xml:48:13-84
275            android:directBootAware="false"
275-->[androidx.work:work-runtime:2.7.1] AndroidManifest.xml:49:13-44
276            android:enabled="@bool/enable_system_job_service_default"
276-->[androidx.work:work-runtime:2.7.1] AndroidManifest.xml:50:13-70
277            android:exported="true"
277-->[androidx.work:work-runtime:2.7.1] AndroidManifest.xml:51:13-36
278            android:permission="android.permission.BIND_JOB_SERVICE" />
278-->[androidx.work:work-runtime:2.7.1] AndroidManifest.xml:52:13-69
279        <service
279-->[androidx.work:work-runtime:2.7.1] AndroidManifest.xml:54:9-59:35
280            android:name="androidx.work.impl.foreground.SystemForegroundService"
280-->[androidx.work:work-runtime:2.7.1] AndroidManifest.xml:55:13-81
281            android:directBootAware="false"
281-->[androidx.work:work-runtime:2.7.1] AndroidManifest.xml:56:13-44
282            android:enabled="@bool/enable_system_foreground_service_default"
282-->[androidx.work:work-runtime:2.7.1] AndroidManifest.xml:57:13-77
283            android:exported="false" />
283-->[androidx.work:work-runtime:2.7.1] AndroidManifest.xml:58:13-37
284
285        <receiver
285-->[androidx.work:work-runtime:2.7.1] AndroidManifest.xml:61:9-66:35
286            android:name="androidx.work.impl.utils.ForceStopRunnable$BroadcastReceiver"
286-->[androidx.work:work-runtime:2.7.1] AndroidManifest.xml:62:13-88
287            android:directBootAware="false"
287-->[androidx.work:work-runtime:2.7.1] AndroidManifest.xml:63:13-44
288            android:enabled="true"
288-->[androidx.work:work-runtime:2.7.1] AndroidManifest.xml:64:13-35
289            android:exported="false" />
289-->[androidx.work:work-runtime:2.7.1] AndroidManifest.xml:65:13-37
290        <receiver
290-->[androidx.work:work-runtime:2.7.1] AndroidManifest.xml:67:9-77:20
291            android:name="androidx.work.impl.background.systemalarm.ConstraintProxy$BatteryChargingProxy"
291-->[androidx.work:work-runtime:2.7.1] AndroidManifest.xml:68:13-106
292            android:directBootAware="false"
292-->[androidx.work:work-runtime:2.7.1] AndroidManifest.xml:69:13-44
293            android:enabled="false"
293-->[androidx.work:work-runtime:2.7.1] AndroidManifest.xml:70:13-36
294            android:exported="false" >
294-->[androidx.work:work-runtime:2.7.1] AndroidManifest.xml:71:13-37
295            <intent-filter>
295-->[androidx.work:work-runtime:2.7.1] AndroidManifest.xml:73:13-76:29
296                <action android:name="android.intent.action.ACTION_POWER_CONNECTED" />
296-->[androidx.work:work-runtime:2.7.1] AndroidManifest.xml:74:17-87
296-->[androidx.work:work-runtime:2.7.1] AndroidManifest.xml:74:25-84